<?xml version="1.0" encoding="UTF-8"?>
<!-- Generated by org.testng.reporters.JUnitReportReporter -->
<testsuite hostname="LTIN235062" failures="0" tests="8" name="testCases.IdentifyCoursesMain" time="38.275" errors="0" timestamp="2024-06-19T14:43:07 IST" skipped="0">
  <testcase classname="testCases.IdentifyCoursesMain" name="search" time="9.120"/>
  <testcase classname="testCases.IdentifyCoursesMain" name="checkBoxes" time="7.400"/>
  <testcase classname="testCases.IdentifyCoursesMain" name="details" time="0.163"/>
  <testcase classname="testCases.IdentifyCoursesMain" name="languages" time="0.443"/>
  <testcase classname="testCases.IdentifyCoursesMain" name="levels" time="0.088"/>
  <testcase classname="testCases.IdentifyCoursesMain" name="backToHomePage" time="4.982"/>
  <testcase classname="testCases.IdentifyCoursesMain" name="clickOnCampus" time="11.107"/>
  <testcase classname="testCases.IdentifyCoursesMain" name="fromFill" time="4.972"/>
</testsuite> <!-- testCases.IdentifyCoursesMain -->
