<?xml version="1.0" encoding="UTF-8"?>
<!-- Generated by org.testng.reporters.JUnitReportReporter -->
<testsuite hostname="LTIN235062" failures="0" tests="12" name="IdentifyCourses.IdentifyCoursesTest" time="284.605" errors="0" timestamp="2024-06-13T10:40:11 IST" skipped="0">
  <testcase classname="IdentifyCourses.IdentifyCoursesTest" name="clickSearch" time="44.653"/>
  <testcase classname="IdentifyCourses.IdentifyCoursesTest" name="clickSearch" time="86.199"/>
  <testcase classname="IdentifyCourses.IdentifyCoursesTest" name="clickFilter" time="6.109"/>
  <testcase classname="IdentifyCourses.IdentifyCoursesTest" name="clickFilter" time="5.959"/>
  <testcase classname="IdentifyCourses.IdentifyCoursesTest" name="courseDetails" time="0.303"/>
  <testcase classname="IdentifyCourses.IdentifyCoursesTest" name="courseDetails" time="0.389"/>
  <testcase classname="IdentifyCourses.IdentifyCoursesTest" name="diplayLangAndLevel" time="4.771"/>
  <testcase classname="IdentifyCourses.IdentifyCoursesTest" name="diplayLangAndLevel" time="4.756"/>
  <testcase classname="IdentifyCourses.IdentifyCoursesTest" name="getCampusForm" time="64.191"/>
  <testcase classname="IdentifyCourses.IdentifyCoursesTest" name="getCampusForm" time="41.519"/>
  <testcase classname="IdentifyCourses.IdentifyCoursesTest" name="fillForm" time="13.041"/>
  <testcase classname="IdentifyCourses.IdentifyCoursesTest" name="fillForm" time="12.715"/>
</testsuite> <!-- IdentifyCourses.IdentifyCoursesTest -->
