<?xml version="1.0" encoding="UTF-8"?>
<!-- Generated by org.testng.reporters.JUnitReportReporter -->
<testsuite hostname="LTIN235062" failures="0" tests="2" name="pracannotation.Before" time="0.037" errors="0" timestamp="2024-05-25T10:55:34 IST" skipped="0">
  <testcase classname="pracannotation.Before" name="test_b" time="0.025"/>
  <testcase classname="pracannotation.Before" name="test_a" time="0.012"/>
</testsuite> <!-- pracannotation.Before -->
