<?xml version="1.0" encoding="UTF-8"?>
<!-- Generated by org.testng.reporters.JUnitReportReporter -->
<testsuite hostname="LTIN235062" failures="0" tests="2" name="day35.pack1.Class1" time="0.014" errors="0" timestamp="2024-05-11T17:17:04 IST" skipped="0">
  <testcase classname="day35.pack1.Class1" name="abc" time="0.001"/>
  <testcase classname="day35.pack1.Class1" name="abc" time="0.013"/>
</testsuite> <!-- day35.pack1.Class1 -->
