<?xml version="1.0" encoding="UTF-8"?>
<!-- Generated by org.testng.reporters.JUnitReportReporter -->
<testsuite hostname="LTIN235062" failures="0" tests="2" name="beforeAndAfterSuite.BeforeAndAfterSuite" time="0.011" errors="0" timestamp="2024-06-01T12:59:09 IST" skipped="0">
  <testcase classname="beforeAndAfterSuite.BeforeAndAfterSuite" name="test1" time="0.010"/>
  <testcase classname="beforeAndAfterSuite.BeforeAndAfterSuite" name="test2" time="0.001"/>
</testsuite> <!-- beforeAndAfterSuite.BeforeAndAfterSuite -->
