<?xml version="1.0" encoding="UTF-8"?>
<!-- Generated by org.testng.reporters.JUnitReportReporter -->
<testsuite hostname="LTIN235062" failures="0" tests="2" name="pracannotation.BeforeAndAfterClass" time="0.025" errors="0" timestamp="2024-05-25T11:08:10 IST" skipped="0">
  <testcase classname="pracannotation.BeforeAndAfterClass" name="test2" time="0.015"/>
  <testcase classname="pracannotation.BeforeAndAfterClass" name="test1" time="0.010"/>
</testsuite> <!-- pracannotation.BeforeAndAfterClass -->
