<?xml version="1.0" encoding="UTF-8"?>
<!-- Generated by org.testng.reporters.JUnitReportReporter -->
<testsuite hostname="LTIN235062" failures="0" tests="2" name="pracannotation.BeforeAndAfterMethod" time="0.010" errors="0" timestamp="2024-05-25T11:09:46 IST" skipped="0">
  <testcase classname="pracannotation.BeforeAndAfterMethod" name="testmethod1" time="0.008"/>
  <testcase classname="pracannotation.BeforeAndAfterMethod" name="testmethod2" time="0.002"/>
</testsuite> <!-- pracannotation.BeforeAndAfterMethod -->
