<?xml version="1.0" encoding="UTF-8"?>
<!-- Generated by org.testng.reporters.JUnitReportReporter -->
<testsuite hostname="LTIN235062" failures="0" tests="2" name="day35.AllAnnotations" time="0.029" errors="0" timestamp="2024-05-11T17:46:34 IST" skipped="0">
  <testcase classname="day35.AllAnnotations" name="tm2" time="0.014"/>
  <testcase classname="day35.AllAnnotations" name="tm1" time="0.015"/>
</testsuite> <!-- day35.AllAnnotations -->
