<?xml version="1.0" encoding="UTF-8"?>
<!-- Generated by org.testng.reporters.JUnitReportReporter -->
<testsuite hostname="LTIN235062" failures="0" tests="6" name="day36.Grouping" time="0.027" errors="0" timestamp="2024-05-12T10:00:48 IST" skipped="0">
  <testcase classname="day36.Grouping" name="loginByEmail" time="0.015"/>
  <testcase classname="day36.Grouping" name="loginByfacebook" time="0.001"/>
  <testcase classname="day36.Grouping" name="loginBytwitter" time="0.004"/>
  <testcase classname="day36.Grouping" name="signupbyemail" time="0.002"/>
  <testcase classname="day36.Grouping" name="paymentindollar" time="0.003"/>
  <testcase classname="day36.Grouping" name="paymentinrupees" time="0.002"/>
</testsuite> <!-- day36.Grouping -->
