<?xml version="1.0" encoding="UTF-8"?>
<!-- Generated by org.testng.reporters.JUnitReportReporter -->
<testsuite hostname="LTIN235062" failures="0" tests="4" name="day37.PramTest" time="10.192" errors="0" timestamp="2024-05-26T08:06:10 IST" skipped="0">
  <testcase classname="day37.PramTest" name="testLogo" time="5.085"/>
  <testcase classname="day37.PramTest" name="testLogo" time="5.080"/>
  <testcase classname="day37.PramTest" name="testHonmePageTitle" time="0.016"/>
  <testcase classname="day37.PramTest" name="testHonmePageTitle" time="0.011"/>
</testsuite> <!-- day37.PramTest -->
