<?xml version="1.0" encoding="UTF-8"?>
<!-- Generated by org.testng.reporters.JUnitReportReporter -->
<testsuite hostname="LTIN235062" failures="0" tests="2" name="day35.AnnotationDemo2" time="0.011" errors="0" timestamp="2024-05-11T16:55:42 IST" skipped="0">
  <testcase classname="day35.AnnotationDemo2" name="search" time="0.010"/>
  <testcase classname="day35.AnnotationDemo2" name="advancedsearch" time="0.001"/>
</testsuite> <!-- day35.AnnotationDemo2 -->
