<?xml version="1.0" encoding="UTF-8"?>
<!-- Generated by org.testng.reporters.JUnitReportReporter -->
<testsuite hostname="LTIN235062" failures="0" tests="4" name="pracannotation.BeforeAndAfterTest" time="0.013" errors="0" timestamp="2024-05-25T11:29:11 IST" skipped="0">
  <testcase classname="pracannotation.BeforeAndAfterTest" name="test1" time="0.008"/>
  <testcase classname="pracannotation.BeforeAndAfterTest" name="test2" time="0.000"/>
  <testcase classname="pracannotation.BeforeAndAfterTest" name="test2" time="0.003"/>
  <testcase classname="pracannotation.BeforeAndAfterTest" name="test1" time="0.002"/>
</testsuite> <!-- pracannotation.BeforeAndAfterTest -->
