<?xml version="1.0" encoding="UTF-8"?>
<!-- Generated by org.testng.reporters.JUnitReportReporter -->
<testsuite hostname="LTIN235062" failures="0" tests="3" name="day34.SecondTest" time="25.426" errors="0" timestamp="2024-05-11T16:22:21 IST" skipped="0">
  <testcase classname="day34.SecondTest" name="openApp" time="18.697"/>
  <testcase classname="day34.SecondTest" name="login" time="6.569"/>
  <testcase classname="day34.SecondTest" name="close" time="0.160"/>
</testsuite> <!-- day34.SecondTest -->
