<?xml version="1.0" encoding="UTF-8"?>
<!-- Generated by org.testng.reporters.JUnitReportReporter -->
<testsuite hostname="LTIN235062" failures="0" tests="2" name="day35.AnnotationDemo1" time="0.020" errors="0" timestamp="2024-05-11T16:41:43 IST" skipped="0">
  <testcase classname="day35.AnnotationDemo1" name="search" time="0.008"/>
  <testcase classname="day35.AnnotationDemo1" name="advancedsearch" time="0.012"/>
</testsuite> <!-- day35.AnnotationDemo1 -->
