<?xml version="1.0" encoding="UTF-8"?>
<!-- Generated by org.testng.reporters.JUnitReportReporter -->
<testsuite hostname="LTIN235062" failures="0" tests="2" name="day35.pack1.Class2" time="0.012" errors="0" timestamp="2024-05-11T17:17:04 IST" skipped="0">
  <testcase classname="day35.pack1.Class2" name="xyz" time="0.010"/>
  <testcase classname="day35.pack1.Class2" name="xyz" time="0.002"/>
</testsuite> <!-- day35.pack1.Class2 -->
